Arguments: 
  C:\Program Files\nodejs\node.exe C:\Program Files (x86)\Yarn\bin\yarn.js install

PATH: 
  C:\windows\system32;C:\windows;C:\windows\System32\Wbem;C:\windows\System32\WindowsPowerShell\v1.0\;C:\windows\System32\OpenSSH\;C:\Program Files (x86)\Yarn\bin\;C:\Program Files\Git\cmd;C:\Program Files\PuTTY\;C:\Program Files\OpenJDK\jdk-17\bin;C:\Program Files\Wireshark\tshark.exe;C:\Users\saoapint\Envs;C:\Program Files (x86)\Box\Box Edit\;C:\Program Files\dotnet\;C:\Users\saoapint\AppData\Roaming\nvm;C:\Program Files\nodejs;C:\podman;C:\Program Files\Wireshark;C:\Users\saoapint\.pyenv\pyenv-win\bin;C:\Users\saoapint\.pyenv\pyenv-win\shims;C:\Users\saoapint\AppData\Local\Programs\Python\Python310\Scripts\;C:\Users\saoapint\AppData\Local\Programs\Python\Python310\;C:\Users\saoapint\AppData\Local\Microsoft\WindowsApps;C:\ProgramData\chocoportable\bin;C:\Users\saoapint\AppData\Local\Yarn\bin;C:\Users\saoapint\AppData\Local\Programs\Microsoft VS Code\bin;C:\Users\saoapint\.dotnet\tools;C:\Users\saoapint\AppData\Local\Programs\oh-my-posh\bin;C:\Users\saoapint\AppData\Local\Programs\oh-my-posh\themes;C:\Users\saoapint\AppData\Local\Programs\Hyper\resources\bin;C:\Users\saoapint\.dotnet\tools

Yarn version: 
  1.22.15

Node version: 
  14.18.1

Platform: 
  win32 x64

Trace: 
  Error: read ECONNRESET
      at TLSWrap.onStreamRead (internal/stream_base_commons.js:209:20)

npm manifest: 
  {
    "name": "doggo-app",
    "version": "1.0.0",
    "main": "node_modules/expo/AppEntry.js",
    "scripts": {
      "start": "expo start",
      "android": "expo start --android",
      "ios": "expo start --ios",
      "web": "expo start --web",
      "eject": "expo eject"
    },
    "dependencies": {
      "expo": "~44.0.0",
      "expo-status-bar": "~1.2.0",
      "react": "17.0.1",
      "react-dom": "17.0.1",
      "react-native": "0.64.3",
      "react-native-web": "0.17.1"
    },
    "devDependencies": {
      "@babel/core": "^7.12.9",
      "@types/react": "~17.0.21",
      "@types/react-native": "~0.64.12",
      "typescript": "~4.3.5"
    },
    "private": true
  }

yarn manifest: 
  No manifest

Lockfile: 
  No lockfile
